<?xml version="1.0" encoding="UTF-8"?>
<!-- Generated by org.testng.reporters.JUnitXMLReporter -->
<testsuite ignored="0" hostname="sai2" failures="0" tests="11" name="Default test" time="104.11" errors="0" timestamp="31 Aug 2022 00:32:57 GMT">
  <testcase classname="com.actidemo.tests.loginpagetest" name="testactilogo" time="0.134"/>
  <testcase classname="com.actidemo.tests.loginpagetest" name="testlogin" time="4.448"/>
  <testcase classname="com.actidemo.tests.loginpagetest" name="testlogin" time="4.444"/>
  <testcase classname="com.actidemo.tests.loginpagetest" name="testlogin" time="4.435"/>
  <testcase classname="com.actidemo.tests.loginpagetest" name="testlogin" time="4.447"/>
  <testcase classname="com.actidemo.tests.loginpagetest" name="testlogin" time="4.461"/>
  <testcase classname="com.actidemo.tests.loginpagetest" name="testlogin" time="4.458"/>
  <testcase classname="com.actidemo.tests.loginpagetest" name="testlogin" time="4.457"/>
  <testcase classname="com.actidemo.tests.loginpagetest" name="testlogin" time="4.475"/>
  <testcase classname="com.actidemo.tests.loginpagetest" name="testlogin" time="4.447"/>
  <testcase classname="com.actidemo.tests.loginpagetest" name="testlogin" time="4.781"/>
</testsuite> <!-- Default test -->
