<?xml version="1.0" encoding="UTF-8"?>
<testng-results ignored="0" total="11" passed="11" failed="0" skipped="0">
  <reporter-output>
  </reporter-output>
  <suite started-at="2022-08-31T00:31:12Z" name="Default suite" finished-at="2022-08-31T00:32:56Z" duration-ms="104110">
    <groups>
    </groups>
    <test started-at="2022-08-31T00:31:12Z" name="Default test" finished-at="2022-08-31T00:32:56Z" duration-ms="104110">
      <class name="com.actidemo.tests.loginpagetest">
        <test-method is-config="true" signature="setup()[pri:0, instance:com.actidemo.tests.loginpagetest@4ddbbdf8]" started-at="2022-08-31T00:31:12Z" name="setup" finished-at="2022-08-31T00:31:18Z" duration-ms="5619" status="PASS">
          <reporter-output>
          </reporter-output>
        </test-method> <!-- setup -->
        <test-method signature="testactilogo()[pri:0, instance:com.actidemo.tests.loginpagetest@4ddbbdf8]" started-at="2022-08-31T00:31:18Z" name="testactilogo" finished-at="2022-08-31T00:31:18Z" duration-ms="134" status="PASS">
          <reporter-output>
          </reporter-output>
        </test-method> <!-- testactilogo -->
        <test-method is-config="true" signature="teardown()[pri:0, instance:com.actidemo.tests.loginpagetest@4ddbbdf8]" started-at="2022-08-31T00:31:18Z" name="teardown" finished-at="2022-08-31T00:31:18Z" duration-ms="96" status="PASS">
          <reporter-output>
          </reporter-output>
        </test-method> <!-- teardown -->
        <test-method is-config="true" signature="setup()[pri:0, instance:com.actidemo.tests.loginpagetest@4ddbbdf8]" started-at="2022-08-31T00:31:20Z" name="setup" finished-at="2022-08-31T00:31:24Z" duration-ms="4614" status="PASS">
          <reporter-output>
          </reporter-output>
        </test-method> <!-- setup -->
        <test-method signature="testlogin(java.lang.String, java.lang.String)[pri:0, instance:com.actidemo.tests.loginpagetest@4ddbbdf8]" started-at="2022-08-31T00:31:24Z" name="testlogin" data-provider="actidata" finished-at="2022-08-31T00:31:29Z" duration-ms="4448" status="PASS">
          <params>
            <param index="0">
              <value>
                <![CDATA[admin]]>
              </value>
            </param>
            <param index="1">
              <value>
                <![CDATA[manager]]>
              </value>
            </param>
          </params>
          <reporter-output>
          </reporter-output>
        </test-method> <!-- testlogin -->
        <test-method is-config="true" signature="teardown()[pri:0, instance:com.actidemo.tests.loginpagetest@4ddbbdf8]" started-at="2022-08-31T00:31:29Z" name="teardown" finished-at="2022-08-31T00:31:29Z" duration-ms="388" status="PASS">
          <reporter-output>
          </reporter-output>
        </test-method> <!-- teardown -->
        <test-method is-config="true" signature="setup()[pri:0, instance:com.actidemo.tests.loginpagetest@4ddbbdf8]" started-at="2022-08-31T00:31:29Z" name="setup" finished-at="2022-08-31T00:31:36Z" duration-ms="6357" status="PASS">
          <reporter-output>
          </reporter-output>
        </test-method> <!-- setup -->
        <test-method signature="testlogin(java.lang.String, java.lang.String)[pri:0, instance:com.actidemo.tests.loginpagetest@4ddbbdf8]" started-at="2022-08-31T00:31:36Z" name="testlogin" data-provider="actidata" finished-at="2022-08-31T00:31:40Z" duration-ms="4444" status="PASS">
          <params>
            <param index="0">
              <value>
                <![CDATA[admin]]>
              </value>
            </param>
            <param index="1">
              <value>
                <![CDATA[manager]]>
              </value>
            </param>
          </params>
          <reporter-output>
          </reporter-output>
        </test-method> <!-- testlogin -->
        <test-method is-config="true" signature="teardown()[pri:0, instance:com.actidemo.tests.loginpagetest@4ddbbdf8]" started-at="2022-08-31T00:31:40Z" name="teardown" finished-at="2022-08-31T00:31:41Z" duration-ms="619" status="PASS">
          <reporter-output>
          </reporter-output>
        </test-method> <!-- teardown -->
        <test-method is-config="true" signature="setup()[pri:0, instance:com.actidemo.tests.loginpagetest@4ddbbdf8]" started-at="2022-08-31T00:31:41Z" name="setup" finished-at="2022-08-31T00:31:45Z" duration-ms="4130" status="PASS">
          <reporter-output>
          </reporter-output>
        </test-method> <!-- setup -->
        <test-method signature="testlogin(java.lang.String, java.lang.String)[pri:0, instance:com.actidemo.tests.loginpagetest@4ddbbdf8]" started-at="2022-08-31T00:31:45Z" name="testlogin" data-provider="actidata" finished-at="2022-08-31T00:31:49Z" duration-ms="4435" status="PASS">
          <params>
            <param index="0">
              <value>
                <![CDATA[admi]]>
              </value>
            </param>
            <param index="1">
              <value>
                <![CDATA[manager]]>
              </value>
            </param>
          </params>
          <reporter-output>
          </reporter-output>
        </test-method> <!-- testlogin -->
        <test-method is-config="true" signature="teardown()[pri:0, instance:com.actidemo.tests.loginpagetest@4ddbbdf8]" started-at="2022-08-31T00:31:49Z" name="teardown" finished-at="2022-08-31T00:31:49Z" duration-ms="100" status="PASS">
          <reporter-output>
          </reporter-output>
        </test-method> <!-- teardown -->
        <test-method is-config="true" signature="setup()[pri:0, instance:com.actidemo.tests.loginpagetest@4ddbbdf8]" started-at="2022-08-31T00:31:49Z" name="setup" finished-at="2022-08-31T00:31:54Z" duration-ms="4771" status="PASS">
          <reporter-output>
          </reporter-output>
        </test-method> <!-- setup -->
        <test-method signature="testlogin(java.lang.String, java.lang.String)[pri:0, instance:com.actidemo.tests.loginpagetest@4ddbbdf8]" started-at="2022-08-31T00:31:54Z" name="testlogin" data-provider="actidata" finished-at="2022-08-31T00:31:58Z" duration-ms="4447" status="PASS">
          <params>
            <param index="0">
              <value>
                <![CDATA[admin]]>
              </value>
            </param>
            <param index="1">
              <value>
                <![CDATA[manager]]>
              </value>
            </param>
          </params>
          <reporter-output>
          </reporter-output>
        </test-method> <!-- testlogin -->
        <test-method is-config="true" signature="teardown()[pri:0, instance:com.actidemo.tests.loginpagetest@4ddbbdf8]" started-at="2022-08-31T00:31:59Z" name="teardown" finished-at="2022-08-31T00:31:59Z" duration-ms="434" status="PASS">
          <reporter-output>
          </reporter-output>
        </test-method> <!-- teardown -->
        <test-method is-config="true" signature="setup()[pri:0, instance:com.actidemo.tests.loginpagetest@4ddbbdf8]" started-at="2022-08-31T00:31:59Z" name="setup" finished-at="2022-08-31T00:32:04Z" duration-ms="4875" status="PASS">
          <reporter-output>
          </reporter-output>
        </test-method> <!-- setup -->
        <test-method signature="testlogin(java.lang.String, java.lang.String)[pri:0, instance:com.actidemo.tests.loginpagetest@4ddbbdf8]" started-at="2022-08-31T00:32:04Z" name="testlogin" data-provider="actidata" finished-at="2022-08-31T00:32:08Z" duration-ms="4461" status="PASS">
          <params>
            <param index="0">
              <value>
                <![CDATA[admin]]>
              </value>
            </param>
            <param index="1">
              <value>
                <![CDATA[manar]]>
              </value>
            </param>
          </params>
          <reporter-output>
          </reporter-output>
        </test-method> <!-- testlogin -->
        <test-method is-config="true" signature="teardown()[pri:0, instance:com.actidemo.tests.loginpagetest@4ddbbdf8]" started-at="2022-08-31T00:32:08Z" name="teardown" finished-at="2022-08-31T00:32:08Z" duration-ms="88" status="PASS">
          <reporter-output>
          </reporter-output>
        </test-method> <!-- teardown -->
        <test-method is-config="true" signature="setup()[pri:0, instance:com.actidemo.tests.loginpagetest@4ddbbdf8]" started-at="2022-08-31T00:32:08Z" name="setup" finished-at="2022-08-31T00:32:13Z" duration-ms="4617" status="PASS">
          <reporter-output>
          </reporter-output>
        </test-method> <!-- setup -->
        <test-method signature="testlogin(java.lang.String, java.lang.String)[pri:0, instance:com.actidemo.tests.loginpagetest@4ddbbdf8]" started-at="2022-08-31T00:32:13Z" name="testlogin" data-provider="actidata" finished-at="2022-08-31T00:32:17Z" duration-ms="4458" status="PASS">
          <params>
            <param index="0">
              <value>
                <![CDATA[admin]]>
              </value>
            </param>
            <param index="1">
              <value>
                <![CDATA[manager]]>
              </value>
            </param>
          </params>
          <reporter-output>
          </reporter-output>
        </test-method> <!-- testlogin -->
        <test-method is-config="true" signature="teardown()[pri:0, instance:com.actidemo.tests.loginpagetest@4ddbbdf8]" started-at="2022-08-31T00:32:17Z" name="teardown" finished-at="2022-08-31T00:32:18Z" duration-ms="304" status="PASS">
          <reporter-output>
          </reporter-output>
        </test-method> <!-- teardown -->
        <test-method is-config="true" signature="setup()[pri:0, instance:com.actidemo.tests.loginpagetest@4ddbbdf8]" started-at="2022-08-31T00:32:18Z" name="setup" finished-at="2022-08-31T00:32:22Z" duration-ms="4431" status="PASS">
          <reporter-output>
          </reporter-output>
        </test-method> <!-- setup -->
        <test-method signature="testlogin(java.lang.String, java.lang.String)[pri:0, instance:com.actidemo.tests.loginpagetest@4ddbbdf8]" started-at="2022-08-31T00:32:22Z" name="testlogin" data-provider="actidata" finished-at="2022-08-31T00:32:27Z" duration-ms="4457" status="PASS">
          <params>
            <param index="0">
              <value>
                <![CDATA[admin]]>
              </value>
            </param>
            <param index="1">
              <value>
                <![CDATA[manager]]>
              </value>
            </param>
          </params>
          <reporter-output>
          </reporter-output>
        </test-method> <!-- testlogin -->
        <test-method is-config="true" signature="teardown()[pri:0, instance:com.actidemo.tests.loginpagetest@4ddbbdf8]" started-at="2022-08-31T00:32:27Z" name="teardown" finished-at="2022-08-31T00:32:27Z" duration-ms="414" status="PASS">
          <reporter-output>
          </reporter-output>
        </test-method> <!-- teardown -->
        <test-method is-config="true" signature="setup()[pri:0, instance:com.actidemo.tests.loginpagetest@4ddbbdf8]" started-at="2022-08-31T00:32:27Z" name="setup" finished-at="2022-08-31T00:32:32Z" duration-ms="4991" status="PASS">
          <reporter-output>
          </reporter-output>
        </test-method> <!-- setup -->
        <test-method signature="testlogin(java.lang.String, java.lang.String)[pri:0, instance:com.actidemo.tests.loginpagetest@4ddbbdf8]" started-at="2022-08-31T00:32:32Z" name="testlogin" data-provider="actidata" finished-at="2022-08-31T00:32:37Z" duration-ms="4475" status="PASS">
          <params>
            <param index="0">
              <value>
                <![CDATA[adin]]>
              </value>
            </param>
            <param index="1">
              <value>
                <![CDATA[manager]]>
              </value>
            </param>
          </params>
          <reporter-output>
          </reporter-output>
        </test-method> <!-- testlogin -->
        <test-method is-config="true" signature="teardown()[pri:0, instance:com.actidemo.tests.loginpagetest@4ddbbdf8]" started-at="2022-08-31T00:32:37Z" name="teardown" finished-at="2022-08-31T00:32:37Z" duration-ms="178" status="PASS">
          <reporter-output>
          </reporter-output>
        </test-method> <!-- teardown -->
        <test-method is-config="true" signature="setup()[pri:0, instance:com.actidemo.tests.loginpagetest@4ddbbdf8]" started-at="2022-08-31T00:32:37Z" name="setup" finished-at="2022-08-31T00:32:41Z" duration-ms="4778" status="PASS">
          <reporter-output>
          </reporter-output>
        </test-method> <!-- setup -->
        <test-method signature="testlogin(java.lang.String, java.lang.String)[pri:0, instance:com.actidemo.tests.loginpagetest@4ddbbdf8]" started-at="2022-08-31T00:32:41Z" name="testlogin" data-provider="actidata" finished-at="2022-08-31T00:32:46Z" duration-ms="4447" status="PASS">
          <params>
            <param index="0">
              <value>
                <![CDATA[admin]]>
              </value>
            </param>
            <param index="1">
              <value>
                <![CDATA[manager]]>
              </value>
            </param>
          </params>
          <reporter-output>
          </reporter-output>
        </test-method> <!-- testlogin -->
        <test-method is-config="true" signature="teardown()[pri:0, instance:com.actidemo.tests.loginpagetest@4ddbbdf8]" started-at="2022-08-31T00:32:46Z" name="teardown" finished-at="2022-08-31T00:32:46Z" duration-ms="401" status="PASS">
          <reporter-output>
          </reporter-output>
        </test-method> <!-- teardown -->
        <test-method is-config="true" signature="setup()[pri:0, instance:com.actidemo.tests.loginpagetest@4ddbbdf8]" started-at="2022-08-31T00:32:46Z" name="setup" finished-at="2022-08-31T00:32:52Z" duration-ms="5297" status="PASS">
          <reporter-output>
          </reporter-output>
        </test-method> <!-- setup -->
        <test-method signature="testlogin(java.lang.String, java.lang.String)[pri:0, instance:com.actidemo.tests.loginpagetest@4ddbbdf8]" started-at="2022-08-31T00:32:52Z" name="testlogin" data-provider="actidata" finished-at="2022-08-31T00:32:56Z" duration-ms="4781" status="PASS">
          <params>
            <param index="0">
              <value>
                <![CDATA[admin]]>
              </value>
            </param>
            <param index="1">
              <value>
                <![CDATA[maager]]>
              </value>
            </param>
          </params>
          <reporter-output>
          </reporter-output>
        </test-method> <!-- testlogin -->
        <test-method is-config="true" signature="teardown()[pri:0, instance:com.actidemo.tests.loginpagetest@4ddbbdf8]" started-at="2022-08-31T00:32:56Z" name="teardown" finished-at="2022-08-31T00:32:56Z" duration-ms="95" status="PASS">
          <reporter-output>
          </reporter-output>
        </test-method> <!-- teardown -->
      </class> <!-- com.actidemo.tests.loginpagetest -->
    </test> <!-- Default test -->
  </suite> <!-- Default suite -->
</testng-results>
